Daily activity on Fri Sep 19 09:38:24 UTC 2025
Daily activity on Sat Sep 20 06:30:15 UTC 2025
Daily activity on Sun Sep 21 06:31:16 UTC 2025
Daily activity on Mon Sep 22 06:35:10 UTC 2025
Daily activity on Tue Sep 23 06:33:29 UTC 2025
Daily activity on Wed Sep 24 06:33:09 UTC 2025
Daily activity on Thu Sep 25 06:34:06 UTC 2025
Daily activity on Fri Sep 26 06:32:39 UTC 2025
Daily activity on Sat Sep 27 06:29:00 UTC 2025
Daily activity on Sun Sep 28 06:30:39 UTC 2025
Daily activity on Mon Sep 29 06:35:10 UTC 2025
Daily activity on Tue Sep 30 06:34:09 UTC 2025
Daily activity on Wed Oct  1 06:33:50 UTC 2025
Daily activity on Thu Oct  2 06:32:48 UTC 2025
Daily activity on Fri Oct  3 06:32:11 UTC 2025
Daily activity on Sat Oct  4 06:29:40 UTC 2025
Daily activity on Sun Oct  5 06:29:54 UTC 2025
Daily activity on Mon Oct  6 06:34:22 UTC 2025
Daily activity on Tue Oct  7 06:33:31 UTC 2025
Daily activity on Wed Oct  8 06:33:54 UTC 2025
Daily activity on Thu Oct  9 06:34:09 UTC 2025
Daily activity on Fri Oct 10 06:33:55 UTC 2025
Daily activity on Sat Oct 11 06:29:27 UTC 2025
Daily activity on Sun Oct 12 06:29:40 UTC 2025
Daily activity on Mon Oct 13 06:35:29 UTC 2025
